app/build/intermediates/manifest_merge_blame_file/debug/manifest-merger-blame-debug-report.txt
1<?xml version="1.0" encoding="utf-8"?>
2<manifest xmlns:android="http://schemas.android.com/apk/res/android"
3    package="com.example.android.todo_list"
4    android:versionCode="1"
5    android:versionName="1.0" >
6
7    <uses-sdk
8        android:minSdkVersion="17"
8-->src\main\AndroidManifest.xml
9        android:targetSdkVersion="32" />
9-->src\main\AndroidManifest.xml
10
11    <application
11-->src\main\AndroidManifest.xml:5:5-23:19
12        android:allowBackup="true"
12-->src\main\AndroidManifest.xml:6:9-35
13        android:appComponentFactory="android.support.v4.app.CoreComponentFactory"
13-->[com.android.support:support-compat:28.0.0] AndroidManifest.xml:22:18-91
14        android:debuggable="true"
15        android:icon="@mipmap/ic_launcher"
15-->src\main\AndroidManifest.xml:7:9-43
16        android:label="@string/app_name"
16-->src\main\AndroidManifest.xml:8:9-41
17        android:roundIcon="@mipmap/ic_launcher_round"
17-->src\main\AndroidManifest.xml:9:9-54
18        android:supportsRtl="true"
18-->src\main\AndroidManifest.xml:10:9-35
19        android:testOnly="true"
20        android:theme="@style/AppTheme" >
20-->src\main\AndroidManifest.xml:11:9-40
21        <activity
21-->src\main\AndroidManifest.xml:12:9-20:20
22            android:name="com.example.android.todo_list.Screens.NoteActivity"
22-->src\main\AndroidManifest.xml:12:19-55
23            android:exported="true"
23-->src\main\AndroidManifest.xml:14:13-36
24            android:launchMode="singleTop" >
24-->src\main\AndroidManifest.xml:13:13-43
25            <intent-filter>
25-->src\main\AndroidManifest.xml:15:13-19:29
26                <action android:name="android.intent.action.MAIN" />
26-->src\main\AndroidManifest.xml:16:17-69
26-->src\main\AndroidManifest.xml:16:25-66
27
28                <category android:name="android.intent.category.LAUNCHER" />
28-->src\main\AndroidManifest.xml:18:17-77
28-->src\main\AndroidManifest.xml:18:27-74
29            </intent-filter>
30        </activity>
31        <activity
31-->src\main\AndroidManifest.xml:21:9-22:75
32            android:name="com.example.android.todo_list.Screens.AddEditNoteActivity"
32-->src\main\AndroidManifest.xml:21:19-62
33            android:parentActivityName="com.example.android.todo_list.Screens.NoteActivity" />
33-->src\main\AndroidManifest.xml:22:13-63
34
35        <provider
35-->[android.arch.lifecycle:extensions:1.1.1] AndroidManifest.xml:23:9-27:43
36            android:name="android.arch.lifecycle.ProcessLifecycleOwnerInitializer"
36-->[android.arch.lifecycle:extensions:1.1.1] AndroidManifest.xml:24:13-83
37            android:authorities="com.example.android.todo_list.lifecycle-trojan"
37-->[android.arch.lifecycle:extensions:1.1.1] AndroidManifest.xml:25:13-68
38            android:exported="false"
38-->[android.arch.lifecycle:extensions:1.1.1] AndroidManifest.xml:26:13-37
39            android:multiprocess="true" />
39-->[android.arch.lifecycle:extensions:1.1.1] AndroidManifest.xml:27:13-40
40    </application>
41
42</manifest>